2020-04-19 08:39:36 DEBUG AnnotationConfigApplicationContext:594 - Refreshing org.springframework.context.annotation.AnnotationConfigApplicationContext@37574691
2020-04-19 08:39:36 DEBUG DefaultListableBeanFactory:213 - Creating shared instance of singleton bean 'org.springframework.context.annotation.internalConfigurationAnnotationProcessor'
2020-04-19 08:39:36 DEBUG ClassPathBeanDefinitionScanner:437 - Identified candidate component class: file [E:\Module3\Lab book module 3\Module3_Labbook_Navdeep\Labbook1_Employee\target\classes\com\capg\dao\EmployeeDaoImpl.class]
2020-04-19 08:39:36 DEBUG ClassPathBeanDefinitionScanner:437 - Identified candidate component class: file [E:\Module3\Lab book module 3\Module3_Labbook_Navdeep\Labbook1_Employee\target\classes\com\capg\service\EmployeeServiceImpl.class]
2020-04-19 08:39:36 DEBUG DefaultListableBeanFactory:213 - Creating shared instance of singleton bean 'org.springframework.context.event.internalEventListenerProcessor'
2020-04-19 08:39:36 DEBUG DefaultListableBeanFactory:213 - Creating shared instance of singleton bean 'org.springframework.context.event.internalEventListenerFactory'
2020-04-19 08:39:36 DEBUG DefaultListableBeanFactory:213 - Creating shared instance of singleton bean 'org.springframework.context.annotation.internalAutowiredAnnotationProcessor'
2020-04-19 08:39:36 DEBUG DefaultListableBeanFactory:213 - Creating shared instance of singleton bean 'org.springframework.context.annotation.internalCommonAnnotationProcessor'
2020-04-19 08:39:36 DEBUG DefaultListableBeanFactory:213 - Creating shared instance of singleton bean 'javaConfig'
2020-04-19 08:39:36 DEBUG DefaultListableBeanFactory:213 - Creating shared instance of singleton bean 'employeeDaoImpl'
2020-04-19 08:39:36 DEBUG DefaultListableBeanFactory:213 - Creating shared instance of singleton bean 'employeeServiceImpl'
2020-04-19 08:39:36 DEBUG AnnotationConfigApplicationContext:1002 - Closing org.springframework.context.annotation.AnnotationConfigApplicationContext@37574691, started on Sun Apr 19 08:39:36 IST 2020
2020-04-19 08:40:45 DEBUG AnnotationConfigApplicationContext:594 - Refreshing org.springframework.context.annotation.AnnotationConfigApplicationContext@37574691
2020-04-19 08:40:45 DEBUG DefaultListableBeanFactory:213 - Creating shared instance of singleton bean 'org.springframework.context.annotation.internalConfigurationAnnotationProcessor'
2020-04-19 08:40:45 DEBUG ClassPathBeanDefinitionScanner:437 - Identified candidate component class: file [E:\Module3\Lab book module 3\Module3_Labbook_Navdeep\Labbook1_Employee\target\classes\com\capg\dao\EmployeeDaoImpl.class]
2020-04-19 08:40:45 DEBUG ClassPathBeanDefinitionScanner:437 - Identified candidate component class: file [E:\Module3\Lab book module 3\Module3_Labbook_Navdeep\Labbook1_Employee\target\classes\com\capg\service\EmployeeServiceImpl.class]
2020-04-19 08:40:45 DEBUG DefaultListableBeanFactory:213 - Creating shared instance of singleton bean 'org.springframework.context.event.internalEventListenerProcessor'
2020-04-19 08:40:45 DEBUG DefaultListableBeanFactory:213 - Creating shared instance of singleton bean 'org.springframework.context.event.internalEventListenerFactory'
2020-04-19 08:40:45 DEBUG DefaultListableBeanFactory:213 - Creating shared instance of singleton bean 'org.springframework.context.annotation.internalAutowiredAnnotationProcessor'
2020-04-19 08:40:45 DEBUG DefaultListableBeanFactory:213 - Creating shared instance of singleton bean 'org.springframework.context.annotation.internalCommonAnnotationProcessor'
2020-04-19 08:40:45 DEBUG DefaultListableBeanFactory:213 - Creating shared instance of singleton bean 'javaConfig'
2020-04-19 08:40:45 DEBUG DefaultListableBeanFactory:213 - Creating shared instance of singleton bean 'employeeDaoImpl'
2020-04-19 08:40:45 DEBUG DefaultListableBeanFactory:213 - Creating shared instance of singleton bean 'employeeServiceImpl'
2020-04-19 08:40:45 DEBUG AnnotationConfigApplicationContext:1002 - Closing org.springframework.context.annotation.AnnotationConfigApplicationContext@37574691, started on Sun Apr 19 08:40:45 IST 2020
2020-04-19 09:23:14 DEBUG AnnotationConfigApplicationContext:594 - Refreshing org.springframework.context.annotation.AnnotationConfigApplicationContext@37574691
2020-04-19 09:23:14 DEBUG DefaultListableBeanFactory:213 - Creating shared instance of singleton bean 'org.springframework.context.annotation.internalConfigurationAnnotationProcessor'
2020-04-19 09:23:15 DEBUG ClassPathBeanDefinitionScanner:437 - Identified candidate component class: file [E:\Module3\Lab book module 3\Module3_Labbook_Navdeep\Labbook1_Employee\target\classes\com\capg\dao\EmployeeDaoImpl.class]
2020-04-19 09:23:15 DEBUG ClassPathBeanDefinitionScanner:437 - Identified candidate component class: file [E:\Module3\Lab book module 3\Module3_Labbook_Navdeep\Labbook1_Employee\target\classes\com\capg\service\EmployeeServiceImpl.class]
2020-04-19 09:23:16 DEBUG DefaultListableBeanFactory:213 - Creating shared instance of singleton bean 'org.springframework.context.event.internalEventListenerProcessor'
2020-04-19 09:23:16 DEBUG DefaultListableBeanFactory:213 - Creating shared instance of singleton bean 'org.springframework.context.event.internalEventListenerFactory'
2020-04-19 09:23:16 DEBUG DefaultListableBeanFactory:213 - Creating shared instance of singleton bean 'org.springframework.context.annotation.internalAutowiredAnnotationProcessor'
2020-04-19 09:23:16 DEBUG DefaultListableBeanFactory:213 - Creating shared instance of singleton bean 'org.springframework.context.annotation.internalCommonAnnotationProcessor'
2020-04-19 09:23:16 DEBUG DefaultListableBeanFactory:213 - Creating shared instance of singleton bean 'javaConfig'
2020-04-19 09:23:16 DEBUG DefaultListableBeanFactory:213 - Creating shared instance of singleton bean 'employeeDaoImpl'
2020-04-19 09:23:16 DEBUG DefaultListableBeanFactory:213 - Creating shared instance of singleton bean 'employeeServiceImpl'
2020-04-19 09:23:16 DEBUG AnnotationConfigApplicationContext:1002 - Closing org.springframework.context.annotation.AnnotationConfigApplicationContext@37574691, started on Sun Apr 19 09:23:14 IST 2020
