2020-04-09 21:11:04 DEBUG AnnotationConfigApplicationContext:594 - Refreshing org.springframework.context.annotation.AnnotationConfigApplicationContext@71a794e5
2020-04-09 21:11:04 DEBUG DefaultListableBeanFactory:213 - Creating shared instance of singleton bean 'org.springframework.context.annotation.internalConfigurationAnnotationProcessor'
2020-04-09 21:11:05 DEBUG ClassPathBeanDefinitionScanner:437 - Identified candidate component class: file [E:\Module3\Labbook 1.1\labbook_1.1\target\classes\com\capg\dao\EmployeeDaoImpl.class]
2020-04-09 21:11:05 DEBUG ClassPathBeanDefinitionScanner:437 - Identified candidate component class: file [E:\Module3\Labbook 1.1\labbook_1.1\target\classes\com\capg\service\EmployeeServiceImpl.class]
2020-04-09 21:11:05 DEBUG DefaultListableBeanFactory:213 - Creating shared instance of singleton bean 'org.springframework.context.event.internalEventListenerProcessor'
2020-04-09 21:11:05 DEBUG DefaultListableBeanFactory:213 - Creating shared instance of singleton bean 'org.springframework.context.event.internalEventListenerFactory'
2020-04-09 21:11:05 DEBUG DefaultListableBeanFactory:213 - Creating shared instance of singleton bean 'org.springframework.context.annotation.internalAutowiredAnnotationProcessor'
2020-04-09 21:11:05 DEBUG DefaultListableBeanFactory:213 - Creating shared instance of singleton bean 'org.springframework.context.annotation.internalCommonAnnotationProcessor'
2020-04-09 21:11:05 DEBUG DefaultListableBeanFactory:213 - Creating shared instance of singleton bean 'javaConfig'
2020-04-09 21:11:05 DEBUG DefaultListableBeanFactory:213 - Creating shared instance of singleton bean 'employeeDaoImpl'
2020-04-09 21:11:05 DEBUG DefaultListableBeanFactory:213 - Creating shared instance of singleton bean 'employeeServiceImpl'
2020-04-09 21:11:05 DEBUG AnnotationConfigApplicationContext:1002 - Closing org.springframework.context.annotation.AnnotationConfigApplicationContext@71a794e5, started on Thu Apr 09 21:11:04 IST 2020
2020-04-10 12:39:24 DEBUG AnnotationConfigApplicationContext:594 - Refreshing org.springframework.context.annotation.AnnotationConfigApplicationContext@641147d0
2020-04-10 12:39:24 DEBUG DefaultListableBeanFactory:213 - Creating shared instance of singleton bean 'org.springframework.context.annotation.internalConfigurationAnnotationProcessor'
2020-04-10 12:39:24 DEBUG ClassPathBeanDefinitionScanner:437 - Identified candidate component class: file [E:\Module3\Labbook 1.1\labbook_1.1\target\classes\com\capg\dao\EmployeeDaoImpl.class]
2020-04-10 12:39:25 DEBUG ClassPathBeanDefinitionScanner:437 - Identified candidate component class: file [E:\Module3\Labbook 1.1\labbook_1.1\target\classes\com\capg\service\EmployeeServiceImpl.class]
2020-04-10 12:39:25 DEBUG DefaultListableBeanFactory:213 - Creating shared instance of singleton bean 'org.springframework.context.event.internalEventListenerProcessor'
2020-04-10 12:39:25 DEBUG DefaultListableBeanFactory:213 - Creating shared instance of singleton bean 'org.springframework.context.event.internalEventListenerFactory'
2020-04-10 12:39:25 DEBUG DefaultListableBeanFactory:213 - Creating shared instance of singleton bean 'org.springframework.context.annotation.internalAutowiredAnnotationProcessor'
2020-04-10 12:39:25 DEBUG DefaultListableBeanFactory:213 - Creating shared instance of singleton bean 'org.springframework.context.annotation.internalCommonAnnotationProcessor'
2020-04-10 12:39:25 DEBUG DefaultListableBeanFactory:213 - Creating shared instance of singleton bean 'javaConfig'
2020-04-10 12:39:25 DEBUG DefaultListableBeanFactory:213 - Creating shared instance of singleton bean 'employeeDaoImpl'
2020-04-10 12:39:25 DEBUG DefaultListableBeanFactory:213 - Creating shared instance of singleton bean 'employeeServiceImpl'
2020-04-10 12:39:25 DEBUG AnnotationConfigApplicationContext:1002 - Closing org.springframework.context.annotation.AnnotationConfigApplicationContext@641147d0, started on Fri Apr 10 12:39:24 IST 2020
